[debug] [2023-08-16T21:50:19.839Z] ----------------------------------------------------------------------
[debug] [2023-08-16T21:50:19.842Z] Command:       /home/kaylamiller/.nvm/versions/node/v16.15.1/bin/node /home/kaylamiller/.nvm/versions/node/v16.15.1/bin/firebase init
[debug] [2023-08-16T21:50:19.842Z] CLI Version:   12.4.8
[debug] [2023-08-16T21:50:19.843Z] Platform:      linux
[debug] [2023-08-16T21:50:19.843Z] Node Version:  v16.15.1
[debug] [2023-08-16T21:50:19.843Z] Time:          Wed Aug 16 2023 15:50:19 GMT-0600 (Mountain Daylight Time)
[debug] [2023-08-16T21:50:19.844Z] ----------------------------------------------------------------------
[debug] 
[debug] [2023-08-16T21:50:19.851Z] > command requires scopes: ["email","openid","https://www.googleapis.com/auth/cloudplatformprojects.readonly","https://www.googleapis.com/auth/firebase","https://www.googleapis.com/auth/cloud-platform"]
[debug] [2023-08-16T21:50:19.852Z] > authorizing via signed-in user (kay.ann2000@gmail.com)
[info] 
     ######## #### ########  ######## ########     ###     ######  ########
     ##        ##  ##     ## ##       ##     ##  ##   ##  ##       ##
     ######    ##  ########  ######   ########  #########  ######  ######
     ##        ##  ##    ##  ##       ##     ## ##     ##       ## ##
     ##       #### ##     ## ######## ########  ##     ##  ######  ########

You're about to initialize a Firebase project in this directory:

  /home/kaylamiller/Development/code/Portfolio-Template

[info] 
=== Project Setup
[info] 
[info] First, let's associate this project directory with a Firebase project.
[info] You can create multiple project aliases by running firebase use --add, 
[info] but for now we'll just set up a default project.
[info] 
[debug] [2023-08-16T21:51:26.819Z] >>> [apiv2][query] GET https://firebase.googleapis.com/v1beta1/projects pageSize=100
[debug] [2023-08-16T21:51:27.603Z] <<< [apiv2][status] GET https://firebase.googleapis.com/v1beta1/projects 200
[debug] [2023-08-16T21:51:27.604Z] <<< [apiv2][body] GET https://firebase.googleapis.com/v1beta1/projects [omitted]
[info] i  Using project portfolio-192de (portfolio) 
[info] 
=== Hosting Setup
[info] 
[info] Your public directory is the folder (relative to your project directory) that
[info] will contain Hosting assets to be uploaded with firebase deploy. If you
[info] have a build process for your assets, use your build's output directory.
[info] 
[debug] [2023-08-16T21:56:59.369Z] >>> [apiv2][query] GET https://www.gstatic.com/firebasejs/releases.json [none]
[debug] [2023-08-16T21:56:59.893Z] <<< [apiv2][status] GET https://www.gstatic.com/firebasejs/releases.json 200
[debug] [2023-08-16T21:56:59.893Z] <<< [apiv2][body] GET https://www.gstatic.com/firebasejs/releases.json {"current":{"version":"10.1.0","browserURL":"https://www.gstatic.com/firebasejs/10.1.0/firebase.js","packageURL":"https://www.gstatic.com/firebasejs/10.1.0/firebase.tgz"},"live":{"version":"10.1","browserURL":"https://www.gstatic.com/firebasejs/live/10.1/firebase.js","packageURL":"https://www.gstatic.com/firebasejs/live/10.1/firebase.tgz"},"components":{"analytics":"https://www.gstatic.com/firebasejs/10.1.0/firebase-analytics.js","app":"https://www.gstatic.com/firebasejs/10.1.0/firebase-app.js","app-check":"https://www.gstatic.com/firebasejs/10.1.0/firebase-app-check.js","auth":"https://www.gstatic.com/firebasejs/10.1.0/firebase-auth.js","auth/cordova":"https://www.gstatic.com/firebasejs/10.1.0/firebase-auth/cordova.js","functions":"https://www.gstatic.com/firebasejs/10.1.0/firebase-functions.js","firestore":"https://www.gstatic.com/firebasejs/10.1.0/firebase-firestore.js","firestore/lite":"https://www.gstatic.com/firebasejs/10.1.0/firebase-firestore/lite.js","installations":"https://www.gstatic.com/firebasejs/10.1.0/firebase-installations.js","storage":"https://www.gstatic.com/firebasejs/10.1.0/firebase-storage.js","performance":"https://www.gstatic.com/firebasejs/10.1.0/firebase-performance.js","remote-config":"https://www.gstatic.com/firebasejs/10.1.0/firebase-remote-config.js","messaging":"https://www.gstatic.com/firebasejs/10.1.0/firebase-messaging.js","messaging/sw":"https://www.gstatic.com/firebasejs/10.1.0/firebase-messaging/sw.js","database":"https://www.gstatic.com/firebasejs/10.1.0/firebase-database.js","firestore.memory":"https://www.gstatic.com/firebasejs/10.1.0/firebase-firestore.memory.js"}}
[info] ✔  Wrote public/index.html 
[info] 
[info] i  Detected a .git folder at /home/kaylamiller/Development/code/Portfolio-Template 
[info] i  Authorizing with GitHub to upload your service account to a GitHub repository's secrets store. 
[info] 
[info] Visit this URL on this device to log in:
[info] https://github.com/login/oauth/authorize?client_id=89cf50f02ac6aaed3484&state=1025165280&redirect_uri=http%3A%2F%2Flocalhost%3A9005&scope=read%3Auser%20repo%20public_repo
[info] 
[info] Waiting for authentication...
[debug] [2023-08-16T21:58:00.870Z] >>> [apiv2][query] POST https://github.com/login/oauth/access_token [none]
[debug] [2023-08-16T21:58:00.871Z] >>> [apiv2][body] POST https://github.com/login/oauth/access_token [stream]
[debug] [2023-08-16T21:58:01.487Z] <<< [apiv2][status] POST https://github.com/login/oauth/access_token 200
[debug] [2023-08-16T21:58:01.487Z] <<< [apiv2][body] POST https://github.com/login/oauth/access_token {"access_token":"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","token_type":"bearer","scope":"read:user,repo"}
[debug] [2023-08-16T21:58:01.496Z] >>> [apiv2][query] GET https://api.github.com/user [none]
[debug] [2023-08-16T21:58:02.150Z] <<< [apiv2][status] GET https://api.github.com/user 200
[debug] [2023-08-16T21:58:02.151Z] <<< [apiv2][body] GET https://api.github.com/user {"login":"kaymill21","id":98902235,"node_id":"U_kgDOBeUg2w","avatar_url":"https://avatars.githubusercontent.com/u/98902235?v=4","gravatar_id":"","url":"https://api.github.com/users/kaymill21","html_url":"https://github.com/kaymill21","followers_url":"https://api.github.com/users/kaymill21/followers","following_url":"https://api.github.com/users/kaymill21/following{/other_user}","gists_url":"https://api.github.com/users/kaymill21/gists{/gist_id}","starred_url":"https://api.github.com/users/kaymill21/starred{/owner}{/repo}","subscriptions_url":"https://api.github.com/users/kaymill21/subscriptions","organizations_url":"https://api.github.com/users/kaymill21/orgs","repos_url":"https://api.github.com/users/kaymill21/repos","events_url":"https://api.github.com/users/kaymill21/events{/privacy}","received_events_url":"https://api.github.com/users/kaymill21/received_events","type":"User","site_admin":false,"name":null,"company":null,"blog":"","location":null,"email":null,"hireable":null,"bio":null,"twitter_username":null,"public_repos":160,"public_gists":0,"followers":1,"following":1,"created_at":"2022-02-02T16:19:57Z","updated_at":"2022-10-02T23:38:33Z","private_gists":0,"total_private_repos":0,"owned_private_repos":0,"disk_usage":79606,"collaborators":0,"two_factor_authentication":false,"plan":{"name":"free","space":976562499,"collaborators":0,"private_repos":10000}}
[info] 
[info] ✔  Success! Logged into GitHub as kaymill21 
[info] 
